2023-09-08 03:34:09:  
-----------------------------------------------
To: XeDXWLwGMQGPyVXnuk1DG3T2pX6p7yabNx
Amount: 1.27349444 DASH ($33.23 / 12991 AMD) 
Time: 2023-09-08 03:34:05
DASH rate: $26.09 (binance)
Sent by @BitcoinOperator
-----------------------------------------------
Transaction: https://blockchair.com/dash/transaction/f4c0e5e1bce44d4e21d674c9861b9347d77b4030c02f81671bd1bea8ca0a2bf5
        
2023-09-08 03:34:09:  
-----------------------------------------------
To: XeDXWLwGMQGPyVXnuk1DG3T2pX6p7yabNx
Amount: 1.27349444 DASH ($33.23 / 12991 AMD) 
Time: 2023-09-08 03:34:05
DASH rate: $26.09 (binance)
Sent by @BitcoinOperator
-----------------------------------------------
Transaction: https://blockchair.com/dash/transaction/f4c0e5e1bce44d4e21d674c9861b9347d77b4030c02f81671bd1bea8ca0a2bf5
        
2023-09-08 03:34:09:  
-----------------------------------------------
To: XeDXWLwGMQGPyVXnuk1DG3T2pX6p7yabNx
Amount: 1.27349444 DASH ($33.23 / 12991 AMD) 
Time: 2023-09-08 03:34:05
DASH rate: $26.09 (binance)
Sent by @BitcoinOperator
-----------------------------------------------
Transaction: https://blockchair.com/dash/transaction/f4c0e5e1bce44d4e21d674c9861b9347d77b4030c02f81671bd1bea8ca0a2bf5
        
2023-09-08 03:59:54:  
-----------------------------------------------
To: XeDXWLwGMQGPyVXnuk1DG3T2pX6p7yabNx
Amount: 1.27349444 DASH ($33.23 / 12991 AMD) 
Time: 2023-09-08 03:34:05
DASH rate: $26.09 (binance)
Sent by @BitcoinOperator
-----------------------------------------------
Transaction: https://blockchair.com/dash/transaction/f4c0e5e1bce44d4e21d674c9861b9347d77b4030c02f81671bd1bea8ca0a2bf5
        
2023-09-08 03:59:54:  
-----------------------------------------------
To: XeDXWLwGMQGPyVXnuk1DG3T2pX6p7yabNx
Amount: 1.27349444 DASH ($33.23 / 12991 AMD) 
Time: 2023-09-08 03:34:05
DASH rate: $26.09 (binance)
Sent by @BitcoinOperator
-----------------------------------------------
Transaction: https://blockchair.com/dash/transaction/f4c0e5e1bce44d4e21d674c9861b9347d77b4030c02f81671bd1bea8ca0a2bf5
        
2023-09-08 03:59:54:  
-----------------------------------------------
To: XeDXWLwGMQGPyVXnuk1DG3T2pX6p7yabNx
Amount: 1.27349444 DASH ($33.23 / 12991 AMD) 
Time: 2023-09-08 03:34:05
DASH rate: $26.09 (binance)
Sent by @BitcoinOperator
-----------------------------------------------
Transaction: https://blockchair.com/dash/transaction/f4c0e5e1bce44d4e21d674c9861b9347d77b4030c02f81671bd1bea8ca0a2bf5
        
2023-09-08 04:13:27:  
-----------------------------------------------
To: XeDXWLwGMQGPyVXnuk1DG3T2pX6p7yabNx
Amount: 1.27349444 DASH ($33.1 / 12941 AMD) 
Time: 2023-09-08 03:34:05
DASH rate: $25.99 (binance)
Sent by @BitcoinOperator
-----------------------------------------------
Transaction: https://blockchair.com/dash/transaction/f4c0e5e1bce44d4e21d674c9861b9347d77b4030c02f81671bd1bea8ca0a2bf5
        
2023-09-08 04:13:27:  
-----------------------------------------------
To: XeDXWLwGMQGPyVXnuk1DG3T2pX6p7yabNx
Amount: 1.27349444 DASH ($33.1 / 12941 AMD) 
Time: 2023-09-08 03:34:05
DASH rate: $25.99 (binance)
Sent by @BitcoinOperator
-----------------------------------------------
Transaction: https://blockchair.com/dash/transaction/f4c0e5e1bce44d4e21d674c9861b9347d77b4030c02f81671bd1bea8ca0a2bf5
        
2023-09-08 04:13:27:  
-----------------------------------------------
To: XeDXWLwGMQGPyVXnuk1DG3T2pX6p7yabNx
Amount: 1.27349444 DASH ($33.1 / 12941 AMD) 
Time: 2023-09-08 03:34:05
DASH rate: $25.99 (binance)
Sent by @BitcoinOperator
-----------------------------------------------
Transaction: https://blockchair.com/dash/transaction/f4c0e5e1bce44d4e21d674c9861b9347d77b4030c02f81671bd1bea8ca0a2bf5
        
2023-09-08 04:15:27:  
-----------------------------------------------
To: XeDXWLwGMQGPyVXnuk1DG3T2pX6p7yabNx
Amount: 1.27349444 DASH ($33.1 / 12941 AMD) 
Time: 2023-09-08 03:34:05
DASH rate: $25.99 (binance)
Sent by @BitcoinOperator
-----------------------------------------------
Transaction: https://blockchair.com/dash/transaction/f4c0e5e1bce44d4e21d674c9861b9347d77b4030c02f81671bd1bea8ca0a2bf5
        
2023-09-08 04:15:27:  
-----------------------------------------------
To: XeDXWLwGMQGPyVXnuk1DG3T2pX6p7yabNx
Amount: 1.27349444 DASH ($33.1 / 12941 AMD) 
Time: 2023-09-08 03:34:05
DASH rate: $25.99 (binance)
Sent by @BitcoinOperator
-----------------------------------------------
Transaction: https://blockchair.com/dash/transaction/f4c0e5e1bce44d4e21d674c9861b9347d77b4030c02f81671bd1bea8ca0a2bf5
        
2023-09-08 04:15:27:  
-----------------------------------------------
To: XeDXWLwGMQGPyVXnuk1DG3T2pX6p7yabNx
Amount: 1.27349444 DASH ($33.1 / 12941 AMD) 
Time: 2023-09-08 03:34:05
DASH rate: $25.99 (binance)
Sent by @BitcoinOperator
-----------------------------------------------
Transaction: https://blockchair.com/dash/transaction/f4c0e5e1bce44d4e21d674c9861b9347d77b4030c02f81671bd1bea8ca0a2bf5
        
2023-09-08 04:17:00:  
-----------------------------------------------
To: XeDXWLwGMQGPyVXnuk1DG3T2pX6p7yabNx
Amount: 1.27349444 DASH ($33.1 / 12941 AMD) 
Time: 2023-09-08 03:34:05
DASH rate: $25.99 (binance)
Sent by @BitcoinOperator
-----------------------------------------------
Transaction: https://blockchair.com/dash/transaction/f4c0e5e1bce44d4e21d674c9861b9347d77b4030c02f81671bd1bea8ca0a2bf5
        
2023-09-08 04:17:00:  
-----------------------------------------------
To: XeDXWLwGMQGPyVXnuk1DG3T2pX6p7yabNx
Amount: 1.27349444 DASH ($33.1 / 12941 AMD) 
Time: 2023-09-08 03:34:05
DASH rate: $25.99 (binance)
Sent by @BitcoinOperator
-----------------------------------------------
Transaction: https://blockchair.com/dash/transaction/f4c0e5e1bce44d4e21d674c9861b9347d77b4030c02f81671bd1bea8ca0a2bf5
        
2023-09-08 04:17:00:  
-----------------------------------------------
To: XeDXWLwGMQGPyVXnuk1DG3T2pX6p7yabNx
Amount: 1.27349444 DASH ($33.1 / 12941 AMD) 
Time: 2023-09-08 03:34:05
DASH rate: $25.99 (binance)
Sent by @BitcoinOperator
-----------------------------------------------
Transaction: https://blockchair.com/dash/transaction/f4c0e5e1bce44d4e21d674c9861b9347d77b4030c02f81671bd1bea8ca0a2bf5
        
2023-09-08 05:43:46:  
-----------------------------------------------
To: XeDXWLwGMQGPyVXnuk1DG3T2pX6p7yabNx
Amount: 1.27349444 DASH ($33.23 / 12991 AMD) 
Time: 2023-09-08 05:20:40
DASH rate: $26.09 (binance)
Sent by @BitcoinOperator
-----------------------------------------------
Transaction: https://blockchair.com/dash/transaction/f4c0e5e1bce44d4e21d674c9861b9347d77b4030c02f81671bd1bea8ca0a2bf5
        
2023-09-08 05:43:46:  
-----------------------------------------------
To: XeDXWLwGMQGPyVXnuk1DG3T2pX6p7yabNx
Amount: 1.27349444 DASH ($33.23 / 12991 AMD) 
Time: 2023-09-08 05:20:40
DASH rate: $26.09 (binance)
Sent by @BitcoinOperator
-----------------------------------------------
Transaction: https://blockchair.com/dash/transaction/f4c0e5e1bce44d4e21d674c9861b9347d77b4030c02f81671bd1bea8ca0a2bf5
        
2023-09-08 05:43:46:  
-----------------------------------------------
To: XeDXWLwGMQGPyVXnuk1DG3T2pX6p7yabNx
Amount: 1.27349444 DASH ($33.23 / 12991 AMD) 
Time: 2023-09-08 05:20:40
DASH rate: $26.09 (binance)
Sent by @BitcoinOperator
-----------------------------------------------
Transaction: https://blockchair.com/dash/transaction/f4c0e5e1bce44d4e21d674c9861b9347d77b4030c02f81671bd1bea8ca0a2bf5
        
2023-09-08 05:46:32:  
-----------------------------------------------
To: XeDXWLwGMQGPyVXnuk1DG3T2pX6p7yabNx
Amount: 1.27349444 DASH ($33.19 / 12976 AMD) 
Time: 2023-09-08 05:20:40
DASH rate: $26.06 (binance)
Sent by @BitcoinOperator
-----------------------------------------------
Transaction: https://blockchair.com/dash/transaction/f4c0e5e1bce44d4e21d674c9861b9347d77b4030c02f81671bd1bea8ca0a2bf5
        
2023-09-08 05:46:32:  
-----------------------------------------------
To: XeDXWLwGMQGPyVXnuk1DG3T2pX6p7yabNx
Amount: 1.27349444 DASH ($33.19 / 12976 AMD) 
Time: 2023-09-08 05:20:40
DASH rate: $26.06 (binance)
Sent by @BitcoinOperator
-----------------------------------------------
Transaction: https://blockchair.com/dash/transaction/f4c0e5e1bce44d4e21d674c9861b9347d77b4030c02f81671bd1bea8ca0a2bf5
        
2023-09-08 05:46:32:  
-----------------------------------------------
To: XeDXWLwGMQGPyVXnuk1DG3T2pX6p7yabNx
Amount: 1.27349444 DASH ($33.19 / 12976 AMD) 
Time: 2023-09-08 05:20:40
DASH rate: $26.06 (binance)
Sent by @BitcoinOperator
-----------------------------------------------
Transaction: https://blockchair.com/dash/transaction/f4c0e5e1bce44d4e21d674c9861b9347d77b4030c02f81671bd1bea8ca0a2bf5
        
2023-09-08 05:51:41:  
-----------------------------------------------
To: XeDXWLwGMQGPyVXnuk1DG3T2pX6p7yabNx
Amount: 1.27349444 DASH ($33.15 / 12961 AMD) 
Time: 2023-09-08 05:20:40
DASH rate: $26.03 (binance)
Sent by @BitcoinOperator
-----------------------------------------------
Transaction: https://blockchair.com/dash/transaction/f4c0e5e1bce44d4e21d674c9861b9347d77b4030c02f81671bd1bea8ca0a2bf5
        
2023-09-08 05:51:41:  
-----------------------------------------------
To: XeDXWLwGMQGPyVXnuk1DG3T2pX6p7yabNx
Amount: 1.27349444 DASH ($33.15 / 12961 AMD) 
Time: 2023-09-08 05:20:40
DASH rate: $26.03 (binance)
Sent by @BitcoinOperator
-----------------------------------------------
Transaction: https://blockchair.com/dash/transaction/f4c0e5e1bce44d4e21d674c9861b9347d77b4030c02f81671bd1bea8ca0a2bf5
        
2023-09-08 05:51:41:  
-----------------------------------------------
To: XeDXWLwGMQGPyVXnuk1DG3T2pX6p7yabNx
Amount: 1.27349444 DASH ($33.15 / 12961 AMD) 
Time: 2023-09-08 05:20:40
DASH rate: $26.03 (binance)
Sent by @BitcoinOperator
-----------------------------------------------
Transaction: https://blockchair.com/dash/transaction/f4c0e5e1bce44d4e21d674c9861b9347d77b4030c02f81671bd1bea8ca0a2bf5
        
2023-09-08 06:26:27: 
-----------------------------------------------
To: XeDXWLwGMQGPyVXnuk1DG3T2pX6p7yabNx
Amount: 1.27349444 DASH ($33.24 / 12996 AMD)
Time: 2023-09-08 05:20:40
DASH rate: $26.10 (binance)
Sent by @BitcoinOperator
-----------------------------------------------
Transaction: https://blockchair.com/dash/transaction/f4c0e5e1bce44d4e21d674c9861b9347d77b4030c02f81671bd1bea8ca0a2bf5
        
2023-09-08 06:26:27: 
-----------------------------------------------
To: XeDXWLwGMQGPyVXnuk1DG3T2pX6p7yabNx
Amount: 1.27349444 DASH ($33.24 / 12996 AMD)
Time: 2023-09-08 05:20:40
DASH rate: $26.10 (binance)
Sent by @BitcoinOperator
-----------------------------------------------
Transaction: https://blockchair.com/dash/transaction/f4c0e5e1bce44d4e21d674c9861b9347d77b4030c02f81671bd1bea8ca0a2bf5
        
2023-09-08 06:27:24: 
-----------------------------------------------
To: XeDXWLwGMQGPyVXnuk1DG3T2pX6p7yabNx
Amount: 1.27349444 DASH ($33.23 / 12991 AMD)
Time: 2023-09-08 05:20:40
DASH rate: $26.09 (binance)
Sent by @BitcoinOperator
-----------------------------------------------
Transaction: https://blockchair.com/dash/transaction/f4c0e5e1bce44d4e21d674c9861b9347d77b4030c02f81671bd1bea8ca0a2bf5
        
2023-09-08 06:27:24: 
-----------------------------------------------
To: XeDXWLwGMQGPyVXnuk1DG3T2pX6p7yabNx
Amount: 1.27349444 DASH ($33.23 / 12991 AMD)
Time: 2023-09-08 05:20:40
DASH rate: $26.09 (binance)
Sent by @BitcoinOperator
-----------------------------------------------
Transaction: https://blockchair.com/dash/transaction/f4c0e5e1bce44d4e21d674c9861b9347d77b4030c02f81671bd1bea8ca0a2bf5
        
2023-09-08 06:33:29: 
-----------------------------------------------
To: XeDXWLwGMQGPyVXnuk1DG3T2pX6p7yabNx
Amount: 1.27349444 DASH ($33.28 / 13011 AMD)
Time: 2023-09-08 06:32:54
DASH rate: $26.13 (binance)
Sent by @BitcoinOperator
-----------------------------------------------
Transaction: https://blockchair.com/dash/transaction/f4c0e5e1bce44d4e21d674c9861b9347d77b4030c02f81671bd1bea8ca0a2bf5
        
2023-09-08 06:33:29: 
-----------------------------------------------
To: XeDXWLwGMQGPyVXnuk1DG3T2pX6p7yabNx
Amount: 1.27349444 DASH ($33.28 / 13011 AMD)
Time: 2023-09-08 06:32:54
DASH rate: $26.13 (binance)
Sent by @BitcoinOperator
-----------------------------------------------
Transaction: https://blockchair.com/dash/transaction/f4c0e5e1bce44d4e21d674c9861b9347d77b4030c02f81671bd1bea8ca0a2bf5
        
2023-09-08 06:40:57: 
-----------------------------------------------
To: XeDXWLwGMQGPyVXnuk1DG3T2pX6p7yabNx
Amount: 1.27349444 DASH ($33.37 / 13046 AMD)
Time: 2023-09-08 06:32:54
DASH rate: $26.20 (binance)
Sent by @BitcoinOperator
-----------------------------------------------
Transaction: https://blockchair.com/dash/transaction/f4c0e5e1bce44d4e21d674c9861b9347d77b4030c02f81671bd1bea8ca0a2bf5
        
2023-09-08 06:40:57: 
-----------------------------------------------
To: XeDXWLwGMQGPyVXnuk1DG3T2pX6p7yabNx
Amount: 1.27349444 DASH ($33.37 / 13046 AMD)
Time: 2023-09-08 06:32:54
DASH rate: $26.20 (binance)
Sent by @BitcoinOperator
-----------------------------------------------
Transaction: https://blockchair.com/dash/transaction/f4c0e5e1bce44d4e21d674c9861b9347d77b4030c02f81671bd1bea8ca0a2bf5
        
2023-09-08 06:40:57:  
-----------------------------------------------
To: XeDXWLwGMQGPyVXnuk1DG3T2pX6p7yabNx
Amount: 1.27349444 DASH ($33.37 / 13046 AMD) 
Time: 2023-09-08 06:32:54
DASH rate: $26.21 (binance)
Sent by @BitcoinOperator
-----------------------------------------------
Transaction: https://blockchair.com/dash/transaction/f4c0e5e1bce44d4e21d674c9861b9347d77b4030c02f81671bd1bea8ca0a2bf5
        
2023-09-08 06:40:57:  
-----------------------------------------------
To: XeDXWLwGMQGPyVXnuk1DG3T2pX6p7yabNx
Amount: 1.27349444 DASH ($33.37 / 13046 AMD) 
Time: 2023-09-08 06:32:54
DASH rate: $26.21 (binance)
Sent by @BitcoinOperator
-----------------------------------------------
Transaction: https://blockchair.com/dash/transaction/f4c0e5e1bce44d4e21d674c9861b9347d77b4030c02f81671bd1bea8ca0a2bf5
        
2023-09-08 06:40:57:  
-----------------------------------------------
To: XeDXWLwGMQGPyVXnuk1DG3T2pX6p7yabNx
Amount: 1.27349444 DASH ($33.37 / 13046 AMD) 
Time: 2023-09-08 06:32:54
DASH rate: $26.19 (binance)
Sent by @BitcoinOperator
-----------------------------------------------
Transaction: https://blockchair.com/dash/transaction/f4c0e5e1bce44d4e21d674c9861b9347d77b4030c02f81671bd1bea8ca0a2bf5
        
2023-09-08 06:40:57:  
-----------------------------------------------
To: XeDXWLwGMQGPyVXnuk1DG3T2pX6p7yabNx
Amount: 1.27349444 DASH ($33.37 / 13046 AMD) 
Time: 2023-09-08 06:32:54
DASH rate: $26.19 (binance)
Sent by @BitcoinOperator
-----------------------------------------------
Transaction: https://blockchair.com/dash/transaction/f4c0e5e1bce44d4e21d674c9861b9347d77b4030c02f81671bd1bea8ca0a2bf5
        
2023-09-08 06:47:25: 
-----------------------------------------------
To: XmXBKDU5SB3FipsoQZYokhEmQVt3VEavGb
Amount: 1.27349444 DASH ($33.31 / 13026 AMD)
Time: 2023-09-08 06:32:54
DASH rate: $26.16 (binance)
Sent by @BitcoinOperator
-----------------------------------------------
Transaction: https://blockchair.com/dash/transaction/transaction/f6c56d6af576625d306f13adfe90580be7220a23c154329b7b256bfa60a2cd03
        
2023-09-08 06:47:25: 
-----------------------------------------------
To: XmXBKDU5SB3FipsoQZYokhEmQVt3VEavGb
Amount: 1.27349444 DASH ($33.31 / 13026 AMD)
Time: 2023-09-08 06:32:54
DASH rate: $26.16 (binance)
Sent by @BitcoinOperator
-----------------------------------------------
Transaction: https://blockchair.com/dash/transaction/transaction/f6c56d6af576625d306f13adfe90580be7220a23c154329b7b256bfa60a2cd03
        
2023-09-08 06:47:25:  
-----------------------------------------------
To: XmXBKDU5SB3FipsoQZYokhEmQVt3VEavGb
Amount: 1.27349444 DASH ($33.31 / 13026 AMD) 
Time: 2023-09-08 06:32:54
DASH rate: $26.17 (binance)
Sent by @BitcoinOperator
-----------------------------------------------
Transaction: https://blockchair.com/dash/transaction/transaction/f6c56d6af576625d306f13adfe90580be7220a23c154329b7b256bfa60a2cd03
        
2023-09-08 06:47:25:  
-----------------------------------------------
To: XmXBKDU5SB3FipsoQZYokhEmQVt3VEavGb
Amount: 1.27349444 DASH ($33.31 / 13026 AMD) 
Time: 2023-09-08 06:32:54
DASH rate: $26.17 (binance)
Sent by @BitcoinOperator
-----------------------------------------------
Transaction: https://blockchair.com/dash/transaction/transaction/f6c56d6af576625d306f13adfe90580be7220a23c154329b7b256bfa60a2cd03
        
2023-09-08 06:47:26:  
-----------------------------------------------
To: XmXBKDU5SB3FipsoQZYokhEmQVt3VEavGb
Amount: 1.27349444 DASH ($33.31 / 13026 AMD) 
Time: 2023-09-08 06:32:54
DASH rate: $26.15 (binance)
Sent by @BitcoinOperator
-----------------------------------------------
Transaction: https://blockchair.com/dash/transaction/transaction/f6c56d6af576625d306f13adfe90580be7220a23c154329b7b256bfa60a2cd03
        
2023-09-08 06:47:26:  
-----------------------------------------------
To: XmXBKDU5SB3FipsoQZYokhEmQVt3VEavGb
Amount: 1.27349444 DASH ($33.31 / 13026 AMD) 
Time: 2023-09-08 06:32:54
DASH rate: $26.15 (binance)
Sent by @BitcoinOperator
-----------------------------------------------
Transaction: https://blockchair.com/dash/transaction/transaction/f6c56d6af576625d306f13adfe90580be7220a23c154329b7b256bfa60a2cd03
        
2023-09-08 06:50:48: 
-----------------------------------------------
To: XvFSMfZRCmXGjyUH6RGkceaA6S7PAvBJ1W
Amount: 0.68714991 DASH ($17.98 / 7029 AMD)
Time: 2023-09-07 20:27:19
DASH rate: $26.16 (binance)
Sent by @BitcoinOperator
-----------------------------------------------
Transaction: https://blockchair.com/dash/transaction/transaction/f6c56d6af576625d306f13adfe90580be7220a23c154329b7b256bfa60a2cd03
        
2023-09-08 06:50:48: 
-----------------------------------------------
To: XvFSMfZRCmXGjyUH6RGkceaA6S7PAvBJ1W
Amount: 0.68714991 DASH ($17.98 / 7029 AMD)
Time: 2023-09-07 20:27:19
DASH rate: $26.16 (binance)
Sent by @BitcoinOperator
-----------------------------------------------
Transaction: https://blockchair.com/dash/transaction/transaction/f6c56d6af576625d306f13adfe90580be7220a23c154329b7b256bfa60a2cd03
        
2023-09-08 06:50:48:  
-----------------------------------------------
To: XvFSMfZRCmXGjyUH6RGkceaA6S7PAvBJ1W
Amount: 0.68714991 DASH ($17.98 / 7029 AMD) 
Time: 2023-09-07 20:27:19
DASH rate: $26.17 (binance)
Sent by @BitcoinOperator
-----------------------------------------------
Transaction: https://blockchair.com/dash/transaction/transaction/f6c56d6af576625d306f13adfe90580be7220a23c154329b7b256bfa60a2cd03
        
2023-09-08 06:50:48:  
-----------------------------------------------
To: XvFSMfZRCmXGjyUH6RGkceaA6S7PAvBJ1W
Amount: 0.68714991 DASH ($17.98 / 7029 AMD) 
Time: 2023-09-07 20:27:19
DASH rate: $26.17 (binance)
Sent by @BitcoinOperator
-----------------------------------------------
Transaction: https://blockchair.com/dash/transaction/transaction/f6c56d6af576625d306f13adfe90580be7220a23c154329b7b256bfa60a2cd03
        
2023-09-08 06:50:49:  
-----------------------------------------------
To: XvFSMfZRCmXGjyUH6RGkceaA6S7PAvBJ1W
Amount: 0.68714991 DASH ($17.98 / 7029 AMD) 
Time: 2023-09-07 20:27:19
DASH rate: $26.15 (binance)
Sent by @BitcoinOperator
-----------------------------------------------
Transaction: https://blockchair.com/dash/transaction/transaction/f6c56d6af576625d306f13adfe90580be7220a23c154329b7b256bfa60a2cd03
        
2023-09-08 06:50:49:  
-----------------------------------------------
To: XvFSMfZRCmXGjyUH6RGkceaA6S7PAvBJ1W
Amount: 0.68714991 DASH ($17.98 / 7029 AMD) 
Time: 2023-09-07 20:27:19
DASH rate: $26.15 (binance)
Sent by @BitcoinOperator
-----------------------------------------------
Transaction: https://blockchair.com/dash/transaction/transaction/f6c56d6af576625d306f13adfe90580be7220a23c154329b7b256bfa60a2cd03
        
2023-09-08 06:51:35: 
-----------------------------------------------
To: XvFSMfZRCmXGjyUH6RGkceaA6S7PAvBJ1W
Amount: 1.15860534 DASH ($30.31 / 11851 AMD)
Time: 2023-09-07 20:04:24
DASH rate: $26.16 (binance)
Sent by @BitcoinOperator
-----------------------------------------------
Transaction: https://blockchair.com/dash/transaction/transaction/071968ba66857efaf9e8b6149388e7bcab1cf2da3128e26cab6e43ba5e5ef27d
        
2023-09-08 06:51:36: 
-----------------------------------------------
To: XvFSMfZRCmXGjyUH6RGkceaA6S7PAvBJ1W
Amount: 1.15860534 DASH ($30.31 / 11851 AMD)
Time: 2023-09-07 20:04:24
DASH rate: $26.16 (binance)
Sent by @BitcoinOperator
-----------------------------------------------
Transaction: https://blockchair.com/dash/transaction/transaction/071968ba66857efaf9e8b6149388e7bcab1cf2da3128e26cab6e43ba5e5ef27d
        
2023-09-08 06:51:36:  
-----------------------------------------------
To: XvFSMfZRCmXGjyUH6RGkceaA6S7PAvBJ1W
Amount: 1.15860534 DASH ($30.31 / 11851 AMD) 
Time: 2023-09-07 20:04:24
DASH rate: $26.17 (binance)
Sent by @BitcoinOperator
-----------------------------------------------
Transaction: https://blockchair.com/dash/transaction/transaction/071968ba66857efaf9e8b6149388e7bcab1cf2da3128e26cab6e43ba5e5ef27d
        
2023-09-08 06:51:36:  
-----------------------------------------------
To: XvFSMfZRCmXGjyUH6RGkceaA6S7PAvBJ1W
Amount: 1.15860534 DASH ($30.31 / 11851 AMD) 
Time: 2023-09-07 20:04:24
DASH rate: $26.17 (binance)
Sent by @BitcoinOperator
-----------------------------------------------
Transaction: https://blockchair.com/dash/transaction/transaction/071968ba66857efaf9e8b6149388e7bcab1cf2da3128e26cab6e43ba5e5ef27d
        
2023-09-08 06:51:36:  
-----------------------------------------------
To: XvFSMfZRCmXGjyUH6RGkceaA6S7PAvBJ1W
Amount: 1.15860534 DASH ($30.31 / 11851 AMD) 
Time: 2023-09-07 20:04:24
DASH rate: $26.15 (binance)
Sent by @BitcoinOperator
-----------------------------------------------
Transaction: https://blockchair.com/dash/transaction/transaction/071968ba66857efaf9e8b6149388e7bcab1cf2da3128e26cab6e43ba5e5ef27d
        
2023-09-08 06:51:36:  
-----------------------------------------------
To: XvFSMfZRCmXGjyUH6RGkceaA6S7PAvBJ1W
Amount: 1.15860534 DASH ($30.31 / 11851 AMD) 
Time: 2023-09-07 20:04:24
DASH rate: $26.15 (binance)
Sent by @BitcoinOperator
-----------------------------------------------
Transaction: https://blockchair.com/dash/transaction/transaction/071968ba66857efaf9e8b6149388e7bcab1cf2da3128e26cab6e43ba5e5ef27d
        
2023-09-08 06:55:38: 
-----------------------------------------------
To: XvFSMfZRCmXGjyUH6RGkceaA6S7PAvBJ1W
Amount: 1.15860534 DASH ($30.02 / 11738 AMD)
Time: 2023-09-07 20:04:24
DASH rate: $25.91 (binance)
Sent by @BitcoinOperator
-----------------------------------------------
Transaction: https://blockchair.com/dash/transaction/transaction/071968ba66857efaf9e8b6149388e7bcab1cf2da3128e26cab6e43ba5e5ef271
        
2023-09-08 06:55:38: 
-----------------------------------------------
To: XvFSMfZRCmXGjyUH6RGkceaA6S7PAvBJ1W
Amount: 1.15860534 DASH ($30.02 / 11738 AMD)
Time: 2023-09-07 20:04:24
DASH rate: $25.91 (binance)
Sent by @BitcoinOperator
-----------------------------------------------
Transaction: https://blockchair.com/dash/transaction/transaction/071968ba66857efaf9e8b6149388e7bcab1cf2da3128e26cab6e43ba5e5ef271
        
2023-09-08 06:55:39:  
-----------------------------------------------
To: XvFSMfZRCmXGjyUH6RGkceaA6S7PAvBJ1W
Amount: 1.15860534 DASH ($30.02 / 11738 AMD) 
Time: 2023-09-07 20:04:24
DASH rate: $25.92 (binance)
Sent by @BitcoinOperator
-----------------------------------------------
Transaction: https://blockchair.com/dash/transaction/transaction/071968ba66857efaf9e8b6149388e7bcab1cf2da3128e26cab6e43ba5e5ef271
        
2023-09-08 06:55:39:  
-----------------------------------------------
To: XvFSMfZRCmXGjyUH6RGkceaA6S7PAvBJ1W
Amount: 1.15860534 DASH ($30.02 / 11738 AMD) 
Time: 2023-09-07 20:04:24
DASH rate: $25.92 (binance)
Sent by @BitcoinOperator
-----------------------------------------------
Transaction: https://blockchair.com/dash/transaction/transaction/071968ba66857efaf9e8b6149388e7bcab1cf2da3128e26cab6e43ba5e5ef271
        
2023-09-08 06:55:39:  
-----------------------------------------------
To: XvFSMfZRCmXGjyUH6RGkceaA6S7PAvBJ1W
Amount: 1.15860534 DASH ($30.02 / 11738 AMD) 
Time: 2023-09-07 20:04:24
DASH rate: $25.90 (binance)
Sent by @BitcoinOperator
-----------------------------------------------
Transaction: https://blockchair.com/dash/transaction/transaction/071968ba66857efaf9e8b6149388e7bcab1cf2da3128e26cab6e43ba5e5ef271
        
2023-09-08 06:55:39:  
-----------------------------------------------
To: XvFSMfZRCmXGjyUH6RGkceaA6S7PAvBJ1W
Amount: 1.15860534 DASH ($30.02 / 11738 AMD) 
Time: 2023-09-07 20:04:24
DASH rate: $25.90 (binance)
Sent by @BitcoinOperator
-----------------------------------------------
Transaction: https://blockchair.com/dash/transaction/transaction/071968ba66857efaf9e8b6149388e7bcab1cf2da3128e26cab6e43ba5e5ef271
        
2023-09-08 06:56:40: 
-----------------------------------------------
To: XvFSMfZRCmXGjyUH6RGkceaA6S7PAvBJ1W
Amount: 1.15860534 DASH ($30.02 / 11738 AMD)
Time: 2023-09-07 20:04:24
DASH rate: $25.91 (binance)
Sent by @BitcoinOperator
-----------------------------------------------
Transaction: https://blockchair.com/dash/transaction/transaction/071968ba66857efaf9e8b6149388e7bcab1cf2da3128e26cab6e43ba5e5ef270
        
2023-09-08 06:56:40: 
-----------------------------------------------
To: XvFSMfZRCmXGjyUH6RGkceaA6S7PAvBJ1W
Amount: 1.15860534 DASH ($30.02 / 11738 AMD)
Time: 2023-09-07 20:04:24
DASH rate: $25.91 (binance)
Sent by @BitcoinOperator
-----------------------------------------------
Transaction: https://blockchair.com/dash/transaction/transaction/071968ba66857efaf9e8b6149388e7bcab1cf2da3128e26cab6e43ba5e5ef270
        
2023-09-08 06:56:40:  
-----------------------------------------------
To: XvFSMfZRCmXGjyUH6RGkceaA6S7PAvBJ1W
Amount: 1.15860534 DASH ($30.02 / 11738 AMD) 
Time: 2023-09-07 20:04:24
DASH rate: $25.92 (binance)
Sent by @BitcoinOperator
-----------------------------------------------
Transaction: https://blockchair.com/dash/transaction/transaction/071968ba66857efaf9e8b6149388e7bcab1cf2da3128e26cab6e43ba5e5ef270
        
2023-09-08 06:56:40:  
-----------------------------------------------
To: XvFSMfZRCmXGjyUH6RGkceaA6S7PAvBJ1W
Amount: 1.15860534 DASH ($30.02 / 11738 AMD) 
Time: 2023-09-07 20:04:24
DASH rate: $25.92 (binance)
Sent by @BitcoinOperator
-----------------------------------------------
Transaction: https://blockchair.com/dash/transaction/transaction/071968ba66857efaf9e8b6149388e7bcab1cf2da3128e26cab6e43ba5e5ef270
        
2023-09-08 06:56:40:  
-----------------------------------------------
To: XvFSMfZRCmXGjyUH6RGkceaA6S7PAvBJ1W
Amount: 1.15860534 DASH ($30.02 / 11738 AMD) 
Time: 2023-09-07 20:04:24
DASH rate: $25.90 (binance)
Sent by @BitcoinOperator
-----------------------------------------------
Transaction: https://blockchair.com/dash/transaction/transaction/071968ba66857efaf9e8b6149388e7bcab1cf2da3128e26cab6e43ba5e5ef270
        
2023-09-08 06:56:41:  
-----------------------------------------------
To: XvFSMfZRCmXGjyUH6RGkceaA6S7PAvBJ1W
Amount: 1.15860534 DASH ($30.02 / 11738 AMD) 
Time: 2023-09-07 20:04:24
DASH rate: $25.90 (binance)
Sent by @BitcoinOperator
-----------------------------------------------
Transaction: https://blockchair.com/dash/transaction/transaction/071968ba66857efaf9e8b6149388e7bcab1cf2da3128e26cab6e43ba5e5ef270
        
2023-09-08 06:56:44: 
-----------------------------------------------
To: XvFSMfZRCmXGjyUH6RGkceaA6S7PAvBJ1W
Amount: 1.15860534 DASH ($30.02 / 11738 AMD)
Time: 2023-09-07 20:04:24
DASH rate: $25.91 (binance)
Sent by @BitcoinOperator
-----------------------------------------------
Transaction: https://blockchair.com/dash/transaction/transaction/071968ba66857efaf9e8b6149388e7bcab1cf2da3128e26cab6e43ba5e5ef27d
        
2023-09-08 06:56:44: 
-----------------------------------------------
To: XvFSMfZRCmXGjyUH6RGkceaA6S7PAvBJ1W
Amount: 1.15860534 DASH ($30.02 / 11738 AMD)
Time: 2023-09-07 20:04:24
DASH rate: $25.91 (binance)
Sent by @BitcoinOperator
-----------------------------------------------
Transaction: https://blockchair.com/dash/transaction/transaction/071968ba66857efaf9e8b6149388e7bcab1cf2da3128e26cab6e43ba5e5ef27d
        
2023-09-08 06:56:44:  
-----------------------------------------------
To: XvFSMfZRCmXGjyUH6RGkceaA6S7PAvBJ1W
Amount: 1.15860534 DASH ($30.02 / 11738 AMD) 
Time: 2023-09-07 20:04:24
DASH rate: $25.92 (binance)
Sent by @BitcoinOperator
-----------------------------------------------
Transaction: https://blockchair.com/dash/transaction/transaction/071968ba66857efaf9e8b6149388e7bcab1cf2da3128e26cab6e43ba5e5ef27d
        
2023-09-08 06:56:44:  
-----------------------------------------------
To: XvFSMfZRCmXGjyUH6RGkceaA6S7PAvBJ1W
Amount: 1.15860534 DASH ($30.02 / 11738 AMD) 
Time: 2023-09-07 20:04:24
DASH rate: $25.92 (binance)
Sent by @BitcoinOperator
-----------------------------------------------
Transaction: https://blockchair.com/dash/transaction/transaction/071968ba66857efaf9e8b6149388e7bcab1cf2da3128e26cab6e43ba5e5ef27d
        
2023-09-08 06:56:44:  
-----------------------------------------------
To: XvFSMfZRCmXGjyUH6RGkceaA6S7PAvBJ1W
Amount: 1.15860534 DASH ($30.02 / 11738 AMD) 
Time: 2023-09-07 20:04:24
DASH rate: $25.90 (binance)
Sent by @BitcoinOperator
-----------------------------------------------
Transaction: https://blockchair.com/dash/transaction/transaction/071968ba66857efaf9e8b6149388e7bcab1cf2da3128e26cab6e43ba5e5ef27d
        
2023-09-08 06:56:44:  
-----------------------------------------------
To: XvFSMfZRCmXGjyUH6RGkceaA6S7PAvBJ1W
Amount: 1.15860534 DASH ($30.02 / 11738 AMD) 
Time: 2023-09-07 20:04:24
DASH rate: $25.90 (binance)
Sent by @BitcoinOperator
-----------------------------------------------
Transaction: https://blockchair.com/dash/transaction/transaction/071968ba66857efaf9e8b6149388e7bcab1cf2da3128e26cab6e43ba5e5ef27d
        
2023-09-08 07:03:40: 
-----------------------------------------------
To: XvFSMfZRCmXGjyUH6RGkceaA6S7PAvBJ1W
Amount: 1.15860534 DASH ($30.02 / 11738 AMD)
Time: 2023-09-07 20:04:24
DASH rate: $25.91 (binance)
Sent by @BitcoinOperator
-----------------------------------------------
Transaction: https://blockchair.com/dash/transaction/transaction/071968ba66857efaf9e8b6149388e7bcab1cf2da3128e26cab6e43ba5e5ef271
        
2023-09-08 07:03:40: 
-----------------------------------------------
To: XvFSMfZRCmXGjyUH6RGkceaA6S7PAvBJ1W
Amount: 1.15860534 DASH ($30.02 / 11738 AMD)
Time: 2023-09-07 20:04:24
DASH rate: $25.91 (binance)
Sent by @BitcoinOperator
-----------------------------------------------
Transaction: https://blockchair.com/dash/transaction/transaction/071968ba66857efaf9e8b6149388e7bcab1cf2da3128e26cab6e43ba5e5ef271
        
2023-09-08 07:03:41:  
-----------------------------------------------
To: XvFSMfZRCmXGjyUH6RGkceaA6S7PAvBJ1W
Amount: 1.15860534 DASH ($30.02 / 11738 AMD) 
Time: 2023-09-07 20:04:24
DASH rate: $25.92 (binance)
Sent by @BitcoinOperator
-----------------------------------------------
Transaction: https://blockchair.com/dash/transaction/transaction/071968ba66857efaf9e8b6149388e7bcab1cf2da3128e26cab6e43ba5e5ef271
        
2023-09-08 07:03:41:  
-----------------------------------------------
To: XvFSMfZRCmXGjyUH6RGkceaA6S7PAvBJ1W
Amount: 1.15860534 DASH ($30.02 / 11738 AMD) 
Time: 2023-09-07 20:04:24
DASH rate: $25.92 (binance)
Sent by @BitcoinOperator
-----------------------------------------------
Transaction: https://blockchair.com/dash/transaction/transaction/071968ba66857efaf9e8b6149388e7bcab1cf2da3128e26cab6e43ba5e5ef271
        
2023-09-08 07:03:41:  
-----------------------------------------------
To: XvFSMfZRCmXGjyUH6RGkceaA6S7PAvBJ1W
Amount: 1.15860534 DASH ($30.02 / 11738 AMD) 
Time: 2023-09-07 20:04:24
DASH rate: $25.90 (binance)
Sent by @BitcoinOperator
-----------------------------------------------
Transaction: https://blockchair.com/dash/transaction/transaction/071968ba66857efaf9e8b6149388e7bcab1cf2da3128e26cab6e43ba5e5ef271
        
2023-09-08 07:03:41:  
-----------------------------------------------
To: XvFSMfZRCmXGjyUH6RGkceaA6S7PAvBJ1W
Amount: 1.15860534 DASH ($30.02 / 11738 AMD) 
Time: 2023-09-07 20:04:24
DASH rate: $25.90 (binance)
Sent by @BitcoinOperator
-----------------------------------------------
Transaction: https://blockchair.com/dash/transaction/transaction/071968ba66857efaf9e8b6149388e7bcab1cf2da3128e26cab6e43ba5e5ef271
        
